[02Feb2025 00:02:17.775] [Server thread/WARN] [net.minecraft.server.level.ServerPlayerGameMode/]: Mismatch in destroy block pos: BlockPos{x=870, y=122, z=-350} BlockPos{x=872, y=122, z=-354}
[02Feb2025 00:02:17.823] [Server thread/WARN] [net.minecraft.server.level.ServerPlayerGameMode/]: Mismatch in destroy block pos: BlockPos{x=870, y=122, z=-350} BlockPos{x=872, y=122, z=-354}
[02Feb2025 00:02:17.872] [Server thread/WARN] [net.minecraft.server.level.ServerPlayerGameMode/]: Mismatch in destroy block pos: BlockPos{x=870, y=122, z=-350} BlockPos{x=872, y=122, z=-354}
[02Feb2025 00:02:17.925] [Server thread/WARN] [net.minecraft.server.level.ServerPlayerGameMode/]: Mismatch in destroy block pos: BlockPos{x=870, y=122, z=-350} BlockPos{x=872, y=122, z=-354}
[02Feb2025 00:02:17.976] [Server thread/WARN] [net.minecraft.server.level.ServerPlayerGameMode/]: Mismatch in destroy block pos: BlockPos{x=870, y=122, z=-350} BlockPos{x=872, y=122, z=-354}
[02Feb2025 00:02:18.025] [Server thread/WARN] [net.minecraft.server.level.ServerPlayerGameMode/]: Mismatch in destroy block pos: BlockPos{x=870, y=122, z=-350} BlockPos{x=872, y=122, z=-354}
[02Feb2025 00:02:18.074] [Server thread/WARN] [net.minecraft.server.level.ServerPlayerGameMode/]: Mismatch in destroy block pos: BlockPos{x=870, y=122, z=-350} BlockPos{x=872, y=122, z=-354}
[02Feb2025 00:02:18.126] [Server thread/WARN] [net.minecraft.server.level.ServerPlayerGameMode/]: Mismatch in destroy block pos: BlockPos{x=870, y=122, z=-350} BlockPos{x=872, y=122, z=-354}
[02Feb2025 00:15:27.887] [Server thread/WARN] [net.minecraft.server.level.ServerPlayerGameMode/]: Mismatch in destroy block pos: BlockPos{x=879, y=128, z=-457} BlockPos{x=877, y=129, z=-456}
[02Feb2025 00:15:27.931] [Server thread/WARN] [net.minecraft.server.level.ServerPlayerGameMode/]: Mismatch in destroy block pos: BlockPos{x=880, y=128, z=-457} BlockPos{x=877, y=129, z=-456}
[02Feb2025 00:15:28.332] [Server thread/WARN] [net.minecraft.server.level.ServerPlayerGameMode/]: Mismatch in destroy block pos: BlockPos{x=878, y=127, z=-458} BlockPos{x=877, y=127, z=-456}
[02Feb2025 00:15:28.389] [Server thread/WARN] [net.minecraft.server.level.ServerPlayerGameMode/]: Mismatch in destroy block pos: BlockPos{x=879, y=127, z=-457} BlockPos{x=877, y=127, z=-456}
[02Feb2025 00:15:28.432] [Server thread/WARN] [net.minecraft.server.level.ServerPlayerGameMode/]: Mismatch in destroy block pos: BlockPos{x=879, y=126, z=-457} BlockPos{x=877, y=127, z=-456}
[02Feb2025 00:15:28.489] [Server thread/WARN] [net.minecraft.server.level.ServerPlayerGameMode/]: Mismatch in destroy block pos: BlockPos{x=878, y=126, z=-458} BlockPos{x=877, y=127, z=-456}
[02Feb2025 00:15:28.933] [Server thread/WARN] [net.minecraft.server.level.ServerPlayerGameMode/]: Mismatch in destroy block pos: BlockPos{x=876, y=127, z=-455} BlockPos{x=876, y=126, z=-455}
[02Feb2025 00:15:28.991] [Server thread/WARN] [net.minecraft.server.level.ServerPlayerGameMode/]: Mismatch in destroy block pos: BlockPos{x=876, y=127, z=-455} BlockPos{x=877, y=126, z=-456}
[02Feb2025 00:15:29.034] [Server thread/WARN] [net.minecraft.server.level.ServerPlayerGameMode/]: Mismatch in destroy block pos: BlockPos{x=876, y=127, z=-455} BlockPos{x=877, y=126, z=-456}
[02Feb2025 00:15:29.092] [Server thread/WARN] [net.minecraft.server.level.ServerPlayerGameMode/]: Mismatch in destroy block pos: BlockPos{x=876, y=127, z=-455} BlockPos{x=877, y=126, z=-456}
[02Feb2025 00:15:48.685] [Server thread/WARN] [net.minecraft.server.level.ServerPlayerGameMode/]: Mismatch in destroy block pos: BlockPos{x=882, y=130, z=-454} BlockPos{x=880, y=129, z=-455}
[02Feb2025 00:15:48.743] [Server thread/WARN] [net.minecraft.server.level.ServerPlayerGameMode/]: Mismatch in destroy block pos: BlockPos{x=881, y=130, z=-452} BlockPos{x=880, y=129, z=-455}
[02Feb2025 00:15:48.786] [Server thread/WARN] [net.minecraft.server.level.ServerPlayerGameMode/]: Mismatch in destroy block pos: BlockPos{x=881, y=130, z=-452} BlockPos{x=880, y=129, z=-455}
[02Feb2025 00:15:48.844] [Server thread/WARN] [net.minecraft.server.level.ServerPlayerGameMode/]: Mismatch in destroy block pos: BlockPos{x=881, y=130, z=-452} BlockPos{x=880, y=129, z=-455}
[02Feb2025 00:15:50.880] [Server thread/WARN] [net.minecraft.server.level.ServerPlayerGameMode/]: Mismatch in destroy block pos: BlockPos{x=880, y=128, z=-449} BlockPos{x=879, y=126, z=-449}
[02Feb2025 00:15:50.938] [Server thread/WARN] [net.minecraft.server.level.ServerPlayerGameMode/]: Mismatch in destroy block pos: BlockPos{x=880, y=128, z=-449} BlockPos{x=879, y=126, z=-449}
[02Feb2025 00:15:50.982] [Server thread/WARN] [net.minecraft.server.level.ServerPlayerGameMode/]: Mismatch in destroy block pos: BlockPos{x=880, y=128, z=-449} BlockPos{x=879, y=126, z=-449}
[02Feb2025 00:15:51.038] [Server thread/WARN] [net.minecraft.server.level.ServerPlayerGameMode/]: Mismatch in destroy block pos: BlockPos{x=880, y=128, z=-449} BlockPos{x=879, y=126, z=-449}
[02Feb2025 00:15:51.081] [Server thread/WARN] [net.minecraft.server.level.ServerPlayerGameMode/]: Mismatch in destroy block pos: BlockPos{x=880, y=128, z=-449} BlockPos{x=879, y=126, z=-449}
[02Feb2025 00:15:51.138] [Server thread/WARN] [net.minecraft.server.level.ServerPlayerGameMode/]: Mismatch in destroy block pos: BlockPos{x=880, y=128, z=-449} BlockPos{x=879, y=126, z=-449}
[02Feb2025 00:15:51.181] [Server thread/WARN] [net.minecraft.server.level.ServerPlayerGameMode/]: Mismatch in destroy block pos: BlockPos{x=880, y=128, z=-449} BlockPos{x=879, y=126, z=-449}
[02Feb2025 00:15:51.238] [Server thread/WARN] [net.minecraft.server.level.ServerPlayerGameMode/]: Mismatch in destroy block pos: BlockPos{x=881, y=129, z=-450} BlockPos{x=879, y=126, z=-449}
[02Feb2025 00:15:51.439] [Server thread/WARN] [net.minecraft.server.level.ServerPlayerGameMode/]: Mismatch in destroy block pos: BlockPos{x=878, y=128, z=-449} BlockPos{x=877, y=128, z=-449}
[02Feb2025 00:15:51.482] [Server thread/WARN] [net.minecraft.server.level.ServerPlayerGameMode/]: Mismatch in destroy block pos: BlockPos{x=878, y=128, z=-449} BlockPos{x=877, y=128, z=-449}
[02Feb2025 00:16:23.793] [Server thread/WARN] [net.minecraft.server.level.ServerPlayerGameMode/]: Mismatch in destroy block pos: BlockPos{x=868, y=129, z=-451} BlockPos{x=867, y=129, z=-450}
[02Feb2025 00:17:02.444] [Server thread/WARN] [net.minecraft.server.level.ServerPlayerGameMode/]: Mismatch in destroy block pos: BlockPos{x=868, y=128, z=-450} BlockPos{x=867, y=129, z=-450}
[02Feb2025 00:17:02.483] [Server thread/WARN] [net.minecraft.server.level.ServerPlayerGameMode/]: Mismatch in destroy block pos: BlockPos{x=867, y=128, z=-450} BlockPos{x=867, y=129, z=-450}
[02Feb2025 00:19:48.388] [Server thread/WARN] [net.minecraft.server.level.ServerPlayerGameMode/]: Mismatch in destroy block pos: BlockPos{x=871, y=123, z=-453} BlockPos{x=870, y=122, z=-452}
[02Feb2025 00:19:56.182] [Server thread/WARN] [net.minecraft.server.level.ServerPlayerGameMode/]: Mismatch in destroy block pos: BlockPos{x=867, y=123, z=-450} BlockPos{x=869, y=124, z=-448}
[02Feb2025 00:19:56.240] [Server thread/WARN] [net.minecraft.server.level.ServerPlayerGameMode/]: Mismatch in destroy block pos: BlockPos{x=867, y=123, z=-450} BlockPos{x=869, y=124, z=-448}
[02Feb2025 00:19:56.282] [Server thread/WARN] [net.minecraft.server.level.ServerPlayerGameMode/]: Mismatch in destroy block pos: BlockPos{x=867, y=123, z=-450} BlockPos{x=869, y=124, z=-448}
[02Feb2025 00:19:56.883] [Server thread/WARN] [net.minecraft.server.level.ServerPlayerGameMode/]: Mismatch in destroy block pos: BlockPos{x=868, y=121, z=-450} BlockPos{x=868, y=121, z=-451}
[02Feb2025 00:19:57.830] [Server thread/WARN] [net.minecraft.server.level.ServerPlayerGameMode/]: Mismatch in destroy block pos: BlockPos{x=867, y=122, z=-449} BlockPos{x=868, y=121, z=-448}
[02Feb2025 00:19:57.888] [Server thread/WARN] [net.minecraft.server.level.ServerPlayerGameMode/]: Mismatch in destroy block pos: BlockPos{x=867, y=122, z=-448} BlockPos{x=868, y=121, z=-448}
[02Feb2025 00:19:57.930] [Server thread/WARN] [net.minecraft.server.level.ServerPlayerGameMode/]: Mismatch in destroy block pos: BlockPos{x=867, y=123, z=-449} BlockPos{x=868, y=121, z=-448}
[02Feb2025 00:19:57.988] [Server thread/WARN] [net.minecraft.server.level.ServerPlayerGameMode/]: Mismatch in destroy block pos: BlockPos{x=867, y=123, z=-449} BlockPos{x=868, y=121, z=-448}
[02Feb2025 00:19:58.031] [Server thread/WARN] [net.minecraft.server.level.ServerPlayerGameMode/]: Mismatch in destroy block pos: BlockPos{x=867, y=123, z=-448} BlockPos{x=868, y=121, z=-448}
[02Feb2025 00:19:58.689] [Server thread/WARN] [net.minecraft.server.level.ServerPlayerGameMode/]: Mismatch in destroy block pos: BlockPos{x=866, y=124, z=-451} BlockPos{x=865, y=123, z=-452}
[02Feb2025 00:20:01.784] [Server thread/WARN] [net.minecraft.server.level.ServerPlayerGameMode/]: Mismatch in destroy block pos: BlockPos{x=864, y=123, z=-448} BlockPos{x=864, y=124, z=-448}
[02Feb2025 00:21:14.637] [Server thread/WARN] [net.minecraft.server.level.ServerPlayerGameMode/]: Mismatch in destroy block pos: BlockPos{x=868, y=120, z=-456} BlockPos{x=869, y=121, z=-455}
[02Feb2025 00:21:20.336] [Server thread/WARN] [net.minecraft.server.level.ServerPlayerGameMode/]: Mismatch in destroy block pos: BlockPos{x=871, y=118, z=-459} BlockPos{x=870, y=117, z=-458}
[02Feb2025 00:21:23.592] [Server thread/WARN] [net.minecraft.server.level.ServerPlayerGameMode/]: Mismatch in destroy block pos: BlockPos{x=868, y=117, z=-458} BlockPos{x=868, y=117, z=-459}
[02Feb2025 00:40:52.101] [Server thread/WARN] [net.minecraft.server.level.ServerPlayerGameMode/]: Mismatch in destroy block pos: BlockPos{x=886, y=114, z=-380} BlockPos{x=886, y=112, z=-380}
[02Feb2025 00:41:03.396] [Server thread/WARN] [net.minecraft.server.level.ServerPlayerGameMode/]: Mismatch in destroy block pos: BlockPos{x=892, y=114, z=-375} BlockPos{x=892, y=113, z=-376}
[02Feb2025 00:53:54.927] [Server thread/INFO] [net.minecraft.server.network.ServerGamePacketListenerImpl/]: STRANJO lost connection: Disconnected
[02Feb2025 00:53:54.928] [Server thread/INFO] [net.minecraft.server.MinecraftServer/]: STRANJO left the game
[02Feb2025 00:53:54.928] [Server thread/INFO] [net.nicguzzo.wands.WandsMod/]: remove player wand
[02Feb2025 00:54:17.962] [Server thread/INFO] [net.minecraft.server.MinecraftServer/]: Stopping the server
[02Feb2025 00:54:18.012] [Config file watcher thread/INFO] [portb.configlib.ConfigLib/]: Watcher has shut down
[02Feb2025 00:54:18.013] [Server thread/INFO] [net.minecraft.server.MinecraftServer/]: Stopping server
[02Feb2025 00:54:18.014] [Server thread/INFO] [net.minecraft.server.MinecraftServer/]: Saving players
[02Feb2025 00:54:18.014] [Server thread/INFO] [net.minecraft.server.MinecraftServer/]: Saving worlds
[02Feb2025 00:54:18.052] [Server thread/INFO] [net.minecraft.server.MinecraftServer/]: Saving chunks for level 'ServerLevel[world]'/minecraft:overworld
[02Feb2025 00:54:18.163] [Server thread/INFO] [net.minecraft.server.MinecraftServer/]: Saving chunks for level 'ServerLevel[world]'/boh:level_0
[02Feb2025 00:54:18.164] [Server thread/INFO] [net.minecraft.server.MinecraftServer/]: Saving chunks for level 'ServerLevel[world]'/the_backrooms_loxor:level_5
[02Feb2025 00:54:18.165] [Server thread/INFO] [net.minecraft.server.MinecraftServer/]: Saving chunks for level 'ServerLevel[world]'/minecraft:the_nether
[02Feb2025 00:54:18.165] [Server thread/INFO] [net.minecraft.server.MinecraftServer/]: Saving chunks for level 'ServerLevel[world]'/the_backrooms_loxor:level_1
[02Feb2025 00:54:18.166] [Server thread/INFO] [net.minecraft.server.MinecraftServer/]: Saving chunks for level 'ServerLevel[world]'/the_backrooms_loxor:level_2
[02Feb2025 00:54:18.166] [Server thread/INFO] [net.minecraft.server.MinecraftServer/]: Saving chunks for level 'ServerLevel[world]'/deeperdarker:otherside
[02Feb2025 00:54:18.167] [Server thread/INFO] [net.minecraft.server.MinecraftServer/]: Saving chunks for level 'ServerLevel[world]'/boh:boiler_room_dimension
[02Feb2025 00:54:18.167] [Server thread/INFO] [net.minecraft.server.MinecraftServer/]: Saving chunks for level 'ServerLevel[world]'/the_backrooms_loxor:level_0
[02Feb2025 00:54:18.168] [Server thread/INFO] [net.minecraft.server.MinecraftServer/]: Saving chunks for level 'ServerLevel[world]'/minecraft:the_end
[02Feb2025 00:54:18.168] [Server thread/INFO] [net.minecraft.server.MinecraftServer/]: Saving chunks for level 'ServerLevel[world]'/boh:gaster_dimension
[02Feb2025 00:54:18.169] [Server thread/INFO] [net.minecraft.server.MinecraftServer/]: Saving chunks for level 'ServerLevel[world]'/the_backrooms_loxor:level_3
[02Feb2025 00:54:18.170] [Server thread/INFO] [net.minecraft.server.MinecraftServer/]: Saving chunks for level 'ServerLevel[world]'/the_backrooms_loxor:level_4
[02Feb2025 00:54:18.170] [Server thread/INFO] [net.minecraft.server.MinecraftServer/]: Saving chunks for level 'ServerLevel[world]'/aether:the_aether
[02Feb2025 00:54:18.266] [Server thread/INFO] [net.minecraft.server.MinecraftServer/]: ThreadedAnvilChunkStorage (world): All chunks are saved
[02Feb2025 00:54:18.266] [Server thread/INFO] [net.minecraft.server.MinecraftServer/]: ThreadedAnvilChunkStorage (level_0): All chunks are saved
[02Feb2025 00:54:18.266] [Server thread/INFO] [net.minecraft.server.MinecraftServer/]: ThreadedAnvilChunkStorage (level_5): All chunks are saved
[02Feb2025 00:54:18.266] [Server thread/INFO] [net.minecraft.server.MinecraftServer/]: ThreadedAnvilChunkStorage (DIM-1): All chunks are saved
[02Feb2025 00:54:18.266] [Server thread/INFO] [net.minecraft.server.MinecraftServer/]: ThreadedAnvilChunkStorage (level_1): All chunks are saved
[02Feb2025 00:54:18.266] [Server thread/INFO] [net.minecraft.server.MinecraftServer/]: ThreadedAnvilChunkStorage (level_2): All chunks are saved
[02Feb2025 00:54:18.266] [Server thread/INFO] [net.minecraft.server.MinecraftServer/]: ThreadedAnvilChunkStorage (otherside): All chunks are saved
[02Feb2025 00:54:18.266] [Server thread/INFO] [net.minecraft.server.MinecraftServer/]: ThreadedAnvilChunkStorage (boiler_room_dimension): All chunks are saved
[02Feb2025 00:54:18.266] [Server thread/INFO] [net.minecraft.server.MinecraftServer/]: ThreadedAnvilChunkStorage (level_0): All chunks are saved
[02Feb2025 00:54:18.266] [Server thread/INFO] [net.minecraft.server.MinecraftServer/]: ThreadedAnvilChunkStorage (DIM1): All chunks are saved
[02Feb2025 00:54:18.266] [Server thread/INFO] [net.minecraft.server.MinecraftServer/]: ThreadedAnvilChunkStorage (gaster_dimension): All chunks are saved
[02Feb2025 00:54:18.266] [Server thread/INFO] [net.minecraft.server.MinecraftServer/]: ThreadedAnvilChunkStorage (level_3): All chunks are saved
[02Feb2025 00:54:18.266] [Server thread/INFO] [net.minecraft.server.MinecraftServer/]: ThreadedAnvilChunkStorage (level_4): All chunks are saved
[02Feb2025 00:54:18.267] [Server thread/INFO] [net.minecraft.server.MinecraftServer/]: ThreadedAnvilChunkStorage (the_aether): All chunks are saved
[02Feb2025 00:54:18.267] [Server thread/INFO] [net.minecraft.server.MinecraftServer/]: ThreadedAnvilChunkStorage: All dimensions are saved
[02Feb2025 00:54:18.297] [Server thread/INFO] [Framework/]: Unloading server configs...
[02Feb2025 00:54:18.299] [Server thread/INFO] [Framework/]: Sending config unload event for refurbished_furniture.server.toml
[02Feb2025 00:54:18.305] [Server thread/INFO] [Framework/]: Finished unloading server configs
